2022-10-19 20:43:53.537  INFO 19764 --- [restartedMain] hust.admin.project.ProjectApplication    : Starting ProjectApplication using Java 16.0.2 on DESKTOP-KP9B43V with PID 19764 (D:\project\target\classes started by Hi in D:\project)
2022-10-19 20:43:53.549  INFO 19764 --- [restartedMain] hust.admin.project.ProjectApplication    : No active profile set, falling back to 1 default profile: "default"
2022-10-19 20:43:53.651  INFO 19764 --- [restartedMain] .e.DevToolsPropertyDefaultsPostProcessor : Devtools property defaults active! Set 'spring.devtools.add-properties' to 'false' to disable
2022-10-19 20:43:53.652  INFO 19764 --- [restartedMain] .e.DevToolsPropertyDefaultsPostProcessor : For additional web related logging consider setting the 'logging.level.web' property to 'DEBUG'
2022-10-19 20:43:55.435  INFO 19764 --- [restartedMain] .s.d.r.c.RepositoryConfigurationDelegate : Bootstrapping Spring Data JPA repositories in DEFAULT mode.
2022-10-19 20:43:55.606  INFO 19764 --- [restartedMain] .s.d.r.c.RepositoryConfigurationDelegate : Finished Spring Data repository scanning in 157 ms. Found 11 JPA repository interfaces.
2022-10-19 20:43:57.138  INFO 19764 --- [restartedMain] o.s.b.w.embedded.tomcat.TomcatWebServer  : Tomcat initialized with port(s): 8088 (http)
2022-10-19 20:43:57.152  INFO 19764 --- [restartedMain] o.apache.catalina.core.StandardService   : Starting service [Tomcat]
2022-10-19 20:43:57.153  INFO 19764 --- [restartedMain] org.apache.catalina.core.StandardEngine  : Starting Servlet engine: [Apache Tomcat/9.0.65]
2022-10-19 20:43:57.418  INFO 19764 --- [restartedMain] o.a.c.c.C.[Tomcat].[localhost].[/]       : Initializing Spring embedded WebApplicationContext
2022-10-19 20:43:57.418  INFO 19764 --- [restartedMain] w.s.c.ServletWebServerApplicationContext : Root WebApplicationContext: initialization completed in 3764 ms
2022-10-19 20:43:57.853  INFO 19764 --- [restartedMain] o.hibernate.jpa.internal.util.LogHelper  : HHH000204: Processing PersistenceUnitInfo [name: default]
2022-10-19 20:43:57.972  INFO 19764 --- [restartedMain] org.hibernate.Version                    : HHH000412: Hibernate ORM core version 5.6.11.Final
2022-10-19 20:43:58.329  INFO 19764 --- [restartedMain] o.hibernate.annotations.common.Version   : HCANN000001: Hibernate Commons Annotations {5.1.2.Final}
2022-10-19 20:43:58.553  INFO 19764 --- [restartedMain] com.zaxxer.hikari.HikariDataSource       : HikariPool-1 - Starting...
2022-10-19 20:44:00.516  INFO 19764 --- [restartedMain] com.zaxxer.hikari.HikariDataSource       : HikariPool-1 - Start completed.
2022-10-19 20:44:00.557  INFO 19764 --- [restartedMain] org.hibernate.dialect.Dialect            : HHH000400: Using dialect: org.hibernate.dialect.MySQL8Dialect
2022-10-19 20:44:03.287  INFO 19764 --- [restartedMain] o.h.e.t.j.p.i.JtaPlatformInitiator       : HHH000490: Using JtaPlatform implementation: [org.hibernate.engine.transaction.jta.platform.internal.NoJtaPlatform]
2022-10-19 20:44:03.297  INFO 19764 --- [restartedMain] j.LocalContainerEntityManagerFactoryBean : Initialized JPA EntityManagerFactory for persistence unit 'default'
2022-10-19 20:44:04.068  WARN 19764 --- [restartedMain] JpaBaseConfiguration$JpaWebConfiguration : spring.jpa.open-in-view is enabled by default. Therefore, database queries may be performed during view rendering. Explicitly configure spring.jpa.open-in-view to disable this warning
2022-10-19 20:44:05.414  WARN 19764 --- [restartedMain] o.s.s.c.a.web.builders.WebSecurity       : You are asking Spring Security to ignore Ant [pattern='/v3/api-docs']. This is not recommended -- please use permitAll via HttpSecurity#authorizeHttpRequests instead.
2022-10-19 20:44:05.415  INFO 19764 --- [restartedMain] o.s.s.web.DefaultSecurityFilterChain     : Will not secure Ant [pattern='/v3/api-docs']
2022-10-19 20:44:05.416  WARN 19764 --- [restartedMain] o.s.s.c.a.web.builders.WebSecurity       : You are asking Spring Security to ignore Ant [pattern='/v2/api-docs']. This is not recommended -- please use permitAll via HttpSecurity#authorizeHttpRequests instead.
2022-10-19 20:44:05.416  INFO 19764 --- [restartedMain] o.s.s.web.DefaultSecurityFilterChain     : Will not secure Ant [pattern='/v2/api-docs']
2022-10-19 20:44:05.417  WARN 19764 --- [restartedMain] o.s.s.c.a.web.builders.WebSecurity       : You are asking Spring Security to ignore Ant [pattern='/swagger-resources/**']. This is not recommended -- please use permitAll via HttpSecurity#authorizeHttpRequests instead.
2022-10-19 20:44:05.417  INFO 19764 --- [restartedMain] o.s.s.web.DefaultSecurityFilterChain     : Will not secure Ant [pattern='/swagger-resources/**']
2022-10-19 20:44:05.417  WARN 19764 --- [restartedMain] o.s.s.c.a.web.builders.WebSecurity       : You are asking Spring Security to ignore Ant [pattern='/swagger-ui.html']. This is not recommended -- please use permitAll via HttpSecurity#authorizeHttpRequests instead.
2022-10-19 20:44:05.417  INFO 19764 --- [restartedMain] o.s.s.web.DefaultSecurityFilterChain     : Will not secure Ant [pattern='/swagger-ui.html']
2022-10-19 20:44:05.418  WARN 19764 --- [restartedMain] o.s.s.c.a.web.builders.WebSecurity       : You are asking Spring Security to ignore Ant [pattern='/webjars/**']. This is not recommended -- please use permitAll via HttpSecurity#authorizeHttpRequests instead.
2022-10-19 20:44:05.418  INFO 19764 --- [restartedMain] o.s.s.web.DefaultSecurityFilterChain     : Will not secure Ant [pattern='/webjars/**']
2022-10-19 20:44:05.418  WARN 19764 --- [restartedMain] o.s.s.c.a.web.builders.WebSecurity       : You are asking Spring Security to ignore Ant [pattern='/swagger-ui/**']. This is not recommended -- please use permitAll via HttpSecurity#authorizeHttpRequests instead.
2022-10-19 20:44:05.418  INFO 19764 --- [restartedMain] o.s.s.web.DefaultSecurityFilterChain     : Will not secure Ant [pattern='/swagger-ui/**']
2022-10-19 20:44:05.418  WARN 19764 --- [restartedMain] o.s.s.c.a.web.builders.WebSecurity       : You are asking Spring Security to ignore Ant [pattern='/configuration/security']. This is not recommended -- please use permitAll via HttpSecurity#authorizeHttpRequests instead.
2022-10-19 20:44:05.418  INFO 19764 --- [restartedMain] o.s.s.web.DefaultSecurityFilterChain     : Will not secure Ant [pattern='/configuration/security']
2022-10-19 20:44:05.506  INFO 19764 --- [restartedMain] o.s.s.web.DefaultSecurityFilterChain     : Will secure any request with [org.springframework.security.web.session.DisableEncodeUrlFilter@301a2481, org.springframework.security.web.context.request.async.WebAsyncManagerIntegrationFilter@7cc8324b, org.springframework.security.web.context.SecurityContextPersistenceFilter@2c4e89e1, org.springframework.security.web.header.HeaderWriterFilter@78d9ab90, org.springframework.web.filter.CorsFilter@2d445dd1, org.springframework.security.web.authentication.logout.LogoutFilter@165238c5, hust.admin.project.Configuration.JwtConfig.JwtFilter@51c6f77d, org.springframework.security.web.savedrequest.RequestCacheAwareFilter@441cc16c, org.springframework.security.web.servletapi.SecurityContextHolderAwareRequestFilter@488be4c1, org.springframework.security.web.authentication.AnonymousAuthenticationFilter@2711e2db, org.springframework.security.web.session.SessionManagementFilter@483fbc77, org.springframework.security.web.access.ExceptionTranslationFilter@2ab35368, org.springframework.security.web.access.intercept.FilterSecurityInterceptor@73b45d2e]
2022-10-19 20:44:05.586  INFO 19764 --- [restartedMain] o.s.b.d.a.OptionalLiveReloadServer       : LiveReload server is running on port 35729
2022-10-19 20:44:07.546  INFO 19764 --- [restartedMain] o.s.b.w.embedded.tomcat.TomcatWebServer  : Tomcat started on port(s): 8088 (http) with context path ''
2022-10-19 20:44:08.260  INFO 19764 --- [restartedMain] hust.admin.project.ProjectApplication    : Started ProjectApplication in 15.306 seconds (JVM running for 16.473)
2022-10-19 20:45:24.297  INFO 19764 --- [http-nio-8088-exec-1] o.a.c.c.C.[Tomcat].[localhost].[/]       : Initializing Spring DispatcherServlet 'dispatcherServlet'
2022-10-19 20:45:24.298  INFO 19764 --- [http-nio-8088-exec-1] o.s.web.servlet.DispatcherServlet        : Initializing Servlet 'dispatcherServlet'
2022-10-19 20:45:24.302  INFO 19764 --- [http-nio-8088-exec-1] o.s.web.servlet.DispatcherServlet        : Completed initialization in 4 ms
2022-10-19 20:47:17.235  INFO 19764 --- [File Watcher] rtingClassPathChangeChangedEventListener : Restarting due to 1 class path change (0 additions, 0 deletions, 1 modification)
2022-10-19 20:47:17.251  INFO 19764 --- [Thread-4] o.apache.catalina.core.StandardService   : Stopping service [Tomcat]
2022-10-19 20:47:17.253  INFO 19764 --- [Thread-4] o.a.c.c.C.[Tomcat].[localhost].[/]       : Destroying Spring FrameworkServlet 'dispatcherServlet'
2022-10-19 20:47:17.257  WARN 19764 --- [Thread-4] o.a.c.loader.WebappClassLoaderBase       : The web application [ROOT] appears to have started a thread named [HikariPool-1 housekeeper] but has failed to stop it. This is very likely to create a memory leak. Stack trace of thread:
 java.base@16.0.2/jdk.internal.misc.Unsafe.park(Native Method)
 java.base@16.0.2/java.util.concurrent.locks.LockSupport.parkNanos(LockSupport.java:252)
 java.base@16.0.2/java.util.concurrent.locks.AbstractQueuedSynchronizer$ConditionObject.awaitNanos(AbstractQueuedSynchronizer.java:1661)
 java.base@16.0.2/java.util.concurrent.ScheduledThreadPoolExecutor$DelayedWorkQueue.take(ScheduledThreadPoolExecutor.java:1182)
 java.base@16.0.2/java.util.concurrent.ScheduledThreadPoolExecutor$DelayedWorkQueue.take(ScheduledThreadPoolExecutor.java:899)
 java.base@16.0.2/java.util.concurrent.ThreadPoolExecutor.getTask(ThreadPoolExecutor.java:1056)
 java.base@16.0.2/java.util.concurrent.ThreadPoolExecutor.runWorker(ThreadPoolExecutor.java:1116)
 java.base@16.0.2/java.util.concurrent.ThreadPoolExecutor$Worker.run(ThreadPoolExecutor.java:630)
 java.base@16.0.2/java.lang.Thread.run(Thread.java:831)
2022-10-19 20:47:17.274  INFO 19764 --- [Thread-4] j.LocalContainerEntityManagerFactoryBean : Closing JPA EntityManagerFactory for persistence unit 'default'
2022-10-19 20:47:17.279  INFO 19764 --- [Thread-4] com.zaxxer.hikari.HikariDataSource       : HikariPool-1 - Shutdown initiated...
2022-10-19 20:47:17.310  INFO 19764 --- [Thread-4] com.zaxxer.hikari.HikariDataSource       : HikariPool-1 - Shutdown completed.
2022-10-19 20:47:17.451  INFO 19764 --- [restartedMain] hust.admin.project.ProjectApplication    : Starting ProjectApplication using Java 16.0.2 on DESKTOP-KP9B43V with PID 19764 (D:\project\target\classes started by Hi in D:\project)
2022-10-19 20:47:17.452  INFO 19764 --- [restartedMain] hust.admin.project.ProjectApplication    : No active profile set, falling back to 1 default profile: "default"
2022-10-19 20:47:18.518  INFO 19764 --- [restartedMain] .s.d.r.c.RepositoryConfigurationDelegate : Bootstrapping Spring Data JPA repositories in DEFAULT mode.
2022-10-19 20:47:18.599  INFO 19764 --- [restartedMain] .s.d.r.c.RepositoryConfigurationDelegate : Finished Spring Data repository scanning in 80 ms. Found 11 JPA repository interfaces.
2022-10-19 20:47:18.828  INFO 19764 --- [restartedMain] o.s.b.w.embedded.tomcat.TomcatWebServer  : Tomcat initialized with port(s): 8088 (http)
2022-10-19 20:47:18.829  INFO 19764 --- [restartedMain] o.apache.catalina.core.StandardService   : Starting service [Tomcat]
2022-10-19 20:47:18.829  INFO 19764 --- [restartedMain] org.apache.catalina.core.StandardEngine  : Starting Servlet engine: [Apache Tomcat/9.0.65]
2022-10-19 20:47:18.885  INFO 19764 --- [restartedMain] o.a.c.c.C.[Tomcat].[localhost].[/]       : Initializing Spring embedded WebApplicationContext
2022-10-19 20:47:18.886  INFO 19764 --- [restartedMain] w.s.c.ServletWebServerApplicationContext : Root WebApplicationContext: initialization completed in 1431 ms
2022-10-19 20:47:18.952  INFO 19764 --- [restartedMain] o.hibernate.jpa.internal.util.LogHelper  : HHH000204: Processing PersistenceUnitInfo [name: default]
2022-10-19 20:47:18.960  INFO 19764 --- [restartedMain] com.zaxxer.hikari.HikariDataSource       : HikariPool-2 - Starting...
2022-10-19 20:47:19.019  INFO 19764 --- [restartedMain] com.zaxxer.hikari.HikariDataSource       : HikariPool-2 - Start completed.
2022-10-19 20:47:19.023  INFO 19764 --- [restartedMain] org.hibernate.dialect.Dialect            : HHH000400: Using dialect: org.hibernate.dialect.MySQL8Dialect
2022-10-19 20:47:20.344  INFO 19764 --- [restartedMain] o.h.e.t.j.p.i.JtaPlatformInitiator       : HHH000490: Using JtaPlatform implementation: [org.hibernate.engine.transaction.jta.platform.internal.NoJtaPlatform]
2022-10-19 20:47:20.344  INFO 19764 --- [restartedMain] j.LocalContainerEntityManagerFactoryBean : Initialized JPA EntityManagerFactory for persistence unit 'default'
2022-10-19 20:47:20.496  WARN 19764 --- [restartedMain] JpaBaseConfiguration$JpaWebConfiguration : spring.jpa.open-in-view is enabled by default. Therefore, database queries may be performed during view rendering. Explicitly configure spring.jpa.open-in-view to disable this warning
2022-10-19 20:47:20.966  WARN 19764 --- [restartedMain] o.s.s.c.a.web.builders.WebSecurity       : You are asking Spring Security to ignore Ant [pattern='/v3/api-docs']. This is not recommended -- please use permitAll via HttpSecurity#authorizeHttpRequests instead.
2022-10-19 20:47:20.967  INFO 19764 --- [restartedMain] o.s.s.web.DefaultSecurityFilterChain     : Will not secure Ant [pattern='/v3/api-docs']
2022-10-19 20:47:20.967  WARN 19764 --- [restartedMain] o.s.s.c.a.web.builders.WebSecurity       : You are asking Spring Security to ignore Ant [pattern='/v2/api-docs']. This is not recommended -- please use permitAll via HttpSecurity#authorizeHttpRequests instead.
2022-10-19 20:47:20.967  INFO 19764 --- [restartedMain] o.s.s.web.DefaultSecurityFilterChain     : Will not secure Ant [pattern='/v2/api-docs']
2022-10-19 20:47:20.967  WARN 19764 --- [restartedMain] o.s.s.c.a.web.builders.WebSecurity       : You are asking Spring Security to ignore Ant [pattern='/swagger-resources/**']. This is not recommended -- please use permitAll via HttpSecurity#authorizeHttpRequests instead.
2022-10-19 20:47:20.967  INFO 19764 --- [restartedMain] o.s.s.web.DefaultSecurityFilterChain     : Will not secure Ant [pattern='/swagger-resources/**']
2022-10-19 20:47:20.967  WARN 19764 --- [restartedMain] o.s.s.c.a.web.builders.WebSecurity       : You are asking Spring Security to ignore Ant [pattern='/swagger-ui.html']. This is not recommended -- please use permitAll via HttpSecurity#authorizeHttpRequests instead.
2022-10-19 20:47:20.967  INFO 19764 --- [restartedMain] o.s.s.web.DefaultSecurityFilterChain     : Will not secure Ant [pattern='/swagger-ui.html']
2022-10-19 20:47:20.967  WARN 19764 --- [restartedMain] o.s.s.c.a.web.builders.WebSecurity       : You are asking Spring Security to ignore Ant [pattern='/webjars/**']. This is not recommended -- please use permitAll via HttpSecurity#authorizeHttpRequests instead.
2022-10-19 20:47:20.967  INFO 19764 --- [restartedMain] o.s.s.web.DefaultSecurityFilterChain     : Will not secure Ant [pattern='/webjars/**']
2022-10-19 20:47:20.967  WARN 19764 --- [restartedMain] o.s.s.c.a.web.builders.WebSecurity       : You are asking Spring Security to ignore Ant [pattern='/swagger-ui/**']. This is not recommended -- please use permitAll via HttpSecurity#authorizeHttpRequests instead.
2022-10-19 20:47:20.967  INFO 19764 --- [restartedMain] o.s.s.web.DefaultSecurityFilterChain     : Will not secure Ant [pattern='/swagger-ui/**']
2022-10-19 20:47:20.967  WARN 19764 --- [restartedMain] o.s.s.c.a.web.builders.WebSecurity       : You are asking Spring Security to ignore Ant [pattern='/configuration/security']. This is not recommended -- please use permitAll via HttpSecurity#authorizeHttpRequests instead.
2022-10-19 20:47:20.968  INFO 19764 --- [restartedMain] o.s.s.web.DefaultSecurityFilterChain     : Will not secure Ant [pattern='/configuration/security']
2022-10-19 20:47:20.991  INFO 19764 --- [restartedMain] o.s.s.web.DefaultSecurityFilterChain     : Will secure any request with [org.springframework.security.web.session.DisableEncodeUrlFilter@59869841, org.springframework.security.web.context.request.async.WebAsyncManagerIntegrationFilter@68be29e, org.springframework.security.web.context.SecurityContextPersistenceFilter@527d8514, org.springframework.security.web.header.HeaderWriterFilter@7343d9ba, org.springframework.web.filter.CorsFilter@556f24f6, org.springframework.security.web.authentication.logout.LogoutFilter@2dbc5710, hust.admin.project.Configuration.JwtConfig.JwtFilter@732664e3, org.springframework.security.web.savedrequest.RequestCacheAwareFilter@4f46be57, org.springframework.security.web.servletapi.SecurityContextHolderAwareRequestFilter@2225200c, org.springframework.security.web.authentication.AnonymousAuthenticationFilter@40a14b70, org.springframework.security.web.session.SessionManagementFilter@3b114a41, org.springframework.security.web.access.ExceptionTranslationFilter@4fda4f9b, org.springframework.security.web.access.intercept.FilterSecurityInterceptor@4d6b0605]
2022-10-19 20:47:21.005  INFO 19764 --- [restartedMain] o.s.b.d.a.OptionalLiveReloadServer       : LiveReload server is running on port 35729
2022-10-19 20:47:21.178  INFO 19764 --- [restartedMain] o.s.b.w.embedded.tomcat.TomcatWebServer  : Tomcat started on port(s): 8088 (http) with context path ''
2022-10-19 20:47:21.374  INFO 19764 --- [restartedMain] hust.admin.project.ProjectApplication    : Started ProjectApplication in 3.976 seconds (JVM running for 209.587)
2022-10-19 20:47:21.378  INFO 19764 --- [restartedMain] .ConditionEvaluationDeltaLoggingListener : Condition evaluation unchanged
2022-10-19 20:47:24.637  INFO 19764 --- [http-nio-8088-exec-2] o.a.c.c.C.[Tomcat].[localhost].[/]       : Initializing Spring DispatcherServlet 'dispatcherServlet'
2022-10-19 20:47:24.637  INFO 19764 --- [http-nio-8088-exec-2] o.s.web.servlet.DispatcherServlet        : Initializing Servlet 'dispatcherServlet'
2022-10-19 20:47:24.638  INFO 19764 --- [http-nio-8088-exec-2] o.s.web.servlet.DispatcherServlet        : Completed initialization in 1 ms
2022-10-19 20:56:19.758  INFO 19764 --- [File Watcher] rtingClassPathChangeChangedEventListener : Restarting due to 1 class path change (0 additions, 0 deletions, 1 modification)
2022-10-19 20:56:19.786  INFO 19764 --- [Thread-7] o.apache.catalina.core.StandardService   : Stopping service [Tomcat]
2022-10-19 20:56:19.787  INFO 19764 --- [Thread-7] o.a.c.c.C.[Tomcat].[localhost].[/]       : Destroying Spring FrameworkServlet 'dispatcherServlet'
2022-10-19 20:56:19.791  WARN 19764 --- [Thread-7] o.a.c.loader.WebappClassLoaderBase       : The web application [ROOT] appears to have started a thread named [HikariPool-2 housekeeper] but has failed to stop it. This is very likely to create a memory leak. Stack trace of thread:
 java.base@16.0.2/jdk.internal.misc.Unsafe.park(Native Method)
 java.base@16.0.2/java.util.concurrent.locks.LockSupport.parkNanos(LockSupport.java:252)
 java.base@16.0.2/java.util.concurrent.locks.AbstractQueuedSynchronizer$ConditionObject.awaitNanos(AbstractQueuedSynchronizer.java:1661)
 java.base@16.0.2/java.util.concurrent.ScheduledThreadPoolExecutor$DelayedWorkQueue.take(ScheduledThreadPoolExecutor.java:1182)
 java.base@16.0.2/java.util.concurrent.ScheduledThreadPoolExecutor$DelayedWorkQueue.take(ScheduledThreadPoolExecutor.java:899)
 java.base@16.0.2/java.util.concurrent.ThreadPoolExecutor.getTask(ThreadPoolExecutor.java:1056)
 java.base@16.0.2/java.util.concurrent.ThreadPoolExecutor.runWorker(ThreadPoolExecutor.java:1116)
 java.base@16.0.2/java.util.concurrent.ThreadPoolExecutor$Worker.run(ThreadPoolExecutor.java:630)
 java.base@16.0.2/java.lang.Thread.run(Thread.java:831)
2022-10-19 20:56:19.799  INFO 19764 --- [Thread-7] j.LocalContainerEntityManagerFactoryBean : Closing JPA EntityManagerFactory for persistence unit 'default'
2022-10-19 20:56:19.800  INFO 19764 --- [Thread-7] com.zaxxer.hikari.HikariDataSource       : HikariPool-2 - Shutdown initiated...
2022-10-19 20:56:19.862  INFO 19764 --- [Thread-7] com.zaxxer.hikari.HikariDataSource       : HikariPool-2 - Shutdown completed.
2022-10-19 20:56:19.970  INFO 19764 --- [restartedMain] hust.admin.project.ProjectApplication    : Starting ProjectApplication using Java 16.0.2 on DESKTOP-KP9B43V with PID 19764 (D:\project\target\classes started by Hi in D:\project)
2022-10-19 20:56:19.971  INFO 19764 --- [restartedMain] hust.admin.project.ProjectApplication    : No active profile set, falling back to 1 default profile: "default"
2022-10-19 20:56:20.393  INFO 19764 --- [restartedMain] .s.d.r.c.RepositoryConfigurationDelegate : Bootstrapping Spring Data JPA repositories in DEFAULT mode.
2022-10-19 20:56:20.456  INFO 19764 --- [restartedMain] .s.d.r.c.RepositoryConfigurationDelegate : Finished Spring Data repository scanning in 63 ms. Found 11 JPA repository interfaces.
2022-10-19 20:56:20.589  INFO 19764 --- [restartedMain] o.s.b.w.embedded.tomcat.TomcatWebServer  : Tomcat initialized with port(s): 8088 (http)
2022-10-19 20:56:20.589  INFO 19764 --- [restartedMain] o.apache.catalina.core.StandardService   : Starting service [Tomcat]
2022-10-19 20:56:20.589  INFO 19764 --- [restartedMain] org.apache.catalina.core.StandardEngine  : Starting Servlet engine: [Apache Tomcat/9.0.65]
2022-10-19 20:56:20.627  INFO 19764 --- [restartedMain] o.a.c.c.C.[Tomcat].[localhost].[/]       : Initializing Spring embedded WebApplicationContext
2022-10-19 20:56:20.627  INFO 19764 --- [restartedMain] w.s.c.ServletWebServerApplicationContext : Root WebApplicationContext: initialization completed in 654 ms
2022-10-19 20:56:20.670  INFO 19764 --- [restartedMain] o.hibernate.jpa.internal.util.LogHelper  : HHH000204: Processing PersistenceUnitInfo [name: default]
2022-10-19 20:56:20.675  INFO 19764 --- [restartedMain] com.zaxxer.hikari.HikariDataSource       : HikariPool-3 - Starting...
2022-10-19 20:56:20.850  INFO 19764 --- [restartedMain] com.zaxxer.hikari.HikariDataSource       : HikariPool-3 - Start completed.
2022-10-19 20:56:20.851  INFO 19764 --- [restartedMain] org.hibernate.dialect.Dialect            : HHH000400: Using dialect: org.hibernate.dialect.MySQL8Dialect
2022-10-19 20:56:22.262  INFO 19764 --- [restartedMain] o.h.e.t.j.p.i.JtaPlatformInitiator       : HHH000490: Using JtaPlatform implementation: [org.hibernate.engine.transaction.jta.platform.internal.NoJtaPlatform]
2022-10-19 20:56:22.263  INFO 19764 --- [restartedMain] j.LocalContainerEntityManagerFactoryBean : Initialized JPA EntityManagerFactory for persistence unit 'default'
2022-10-19 20:56:22.415  WARN 19764 --- [restartedMain] JpaBaseConfiguration$JpaWebConfiguration : spring.jpa.open-in-view is enabled by default. Therefore, database queries may be performed during view rendering. Explicitly configure spring.jpa.open-in-view to disable this warning
2022-10-19 20:56:22.700  WARN 19764 --- [restartedMain] o.s.s.c.a.web.builders.WebSecurity       : You are asking Spring Security to ignore Ant [pattern='/v3/api-docs']. This is not recommended -- please use permitAll via HttpSecurity#authorizeHttpRequests instead.
2022-10-19 20:56:22.700  INFO 19764 --- [restartedMain] o.s.s.web.DefaultSecurityFilterChain     : Will not secure Ant [pattern='/v3/api-docs']
2022-10-19 20:56:22.700  WARN 19764 --- [restartedMain] o.s.s.c.a.web.builders.WebSecurity       : You are asking Spring Security to ignore Ant [pattern='/v2/api-docs']. This is not recommended -- please use permitAll via HttpSecurity#authorizeHttpRequests instead.
2022-10-19 20:56:22.700  INFO 19764 --- [restartedMain] o.s.s.web.DefaultSecurityFilterChain     : Will not secure Ant [pattern='/v2/api-docs']
2022-10-19 20:56:22.700  WARN 19764 --- [restartedMain] o.s.s.c.a.web.builders.WebSecurity       : You are asking Spring Security to ignore Ant [pattern='/swagger-resources/**']. This is not recommended -- please use permitAll via HttpSecurity#authorizeHttpRequests instead.
2022-10-19 20:56:22.700  INFO 19764 --- [restartedMain] o.s.s.web.DefaultSecurityFilterChain     : Will not secure Ant [pattern='/swagger-resources/**']
2022-10-19 20:56:22.700  WARN 19764 --- [restartedMain] o.s.s.c.a.web.builders.WebSecurity       : You are asking Spring Security to ignore Ant [pattern='/swagger-ui.html']. This is not recommended -- please use permitAll via HttpSecurity#authorizeHttpRequests instead.
2022-10-19 20:56:22.710  INFO 19764 --- [restartedMain] o.s.s.web.DefaultSecurityFilterChain     : Will not secure Ant [pattern='/swagger-ui.html']
2022-10-19 20:56:22.710  WARN 19764 --- [restartedMain] o.s.s.c.a.web.builders.WebSecurity       : You are asking Spring Security to ignore Ant [pattern='/webjars/**']. This is not recommended -- please use permitAll via HttpSecurity#authorizeHttpRequests instead.
2022-10-19 20:56:22.710  INFO 19764 --- [restartedMain] o.s.s.web.DefaultSecurityFilterChain     : Will not secure Ant [pattern='/webjars/**']
2022-10-19 20:56:22.710  WARN 19764 --- [restartedMain] o.s.s.c.a.web.builders.WebSecurity       : You are asking Spring Security to ignore Ant [pattern='/swagger-ui/**']. This is not recommended -- please use permitAll via HttpSecurity#authorizeHttpRequests instead.
2022-10-19 20:56:22.711  INFO 19764 --- [restartedMain] o.s.s.web.DefaultSecurityFilterChain     : Will not secure Ant [pattern='/swagger-ui/**']
2022-10-19 20:56:22.711  WARN 19764 --- [restartedMain] o.s.s.c.a.web.builders.WebSecurity       : You are asking Spring Security to ignore Ant [pattern='/configuration/security']. This is not recommended -- please use permitAll via HttpSecurity#authorizeHttpRequests instead.
2022-10-19 20:56:22.711  INFO 19764 --- [restartedMain] o.s.s.web.DefaultSecurityFilterChain     : Will not secure Ant [pattern='/configuration/security']
2022-10-19 20:56:22.727  INFO 19764 --- [restartedMain] o.s.s.web.DefaultSecurityFilterChain     : Will secure any request with [org.springframework.security.web.session.DisableEncodeUrlFilter@3f66155f, org.springframework.security.web.context.request.async.WebAsyncManagerIntegrationFilter@258135f, org.springframework.security.web.context.SecurityContextPersistenceFilter@6e23277c, org.springframework.security.web.header.HeaderWriterFilter@36b04c0f, org.springframework.web.filter.CorsFilter@5363ea58, org.springframework.security.web.authentication.logout.LogoutFilter@2393dcc0, hust.admin.project.Configuration.JwtConfig.JwtFilter@458234e, org.springframework.security.web.savedrequest.RequestCacheAwareFilter@4cd9329e, org.springframework.security.web.servletapi.SecurityContextHolderAwareRequestFilter@78bdcf3e, org.springframework.security.web.authentication.AnonymousAuthenticationFilter@16f97d9b, org.springframework.security.web.session.SessionManagementFilter@5b0eec69, org.springframework.security.web.access.ExceptionTranslationFilter@79db7066, org.springframework.security.web.access.intercept.FilterSecurityInterceptor@4882aed]
2022-10-19 20:56:22.737  INFO 19764 --- [restartedMain] o.s.b.d.a.OptionalLiveReloadServer       : LiveReload server is running on port 35729
2022-10-19 20:56:22.839  INFO 19764 --- [restartedMain] o.s.b.w.embedded.tomcat.TomcatWebServer  : Tomcat started on port(s): 8088 (http) with context path ''
2022-10-19 20:56:23.005  INFO 19764 --- [restartedMain] hust.admin.project.ProjectApplication    : Started ProjectApplication in 3.071 seconds (JVM running for 751.219)
2022-10-19 20:56:23.007  INFO 19764 --- [restartedMain] .ConditionEvaluationDeltaLoggingListener : Condition evaluation unchanged
2022-10-19 20:57:41.945  INFO 19764 --- [File Watcher] rtingClassPathChangeChangedEventListener : Restarting due to 1 class path change (0 additions, 0 deletions, 1 modification)
2022-10-19 20:57:41.971  INFO 19764 --- [Thread-11] o.apache.catalina.core.StandardService   : Stopping service [Tomcat]
2022-10-19 20:57:41.976  WARN 19764 --- [Thread-11] o.a.c.loader.WebappClassLoaderBase       : The web application [ROOT] appears to have started a thread named [HikariPool-3 housekeeper] but has failed to stop it. This is very likely to create a memory leak. Stack trace of thread:
 java.base@16.0.2/jdk.internal.misc.Unsafe.park(Native Method)
 java.base@16.0.2/java.util.concurrent.locks.LockSupport.parkNanos(LockSupport.java:252)
 java.base@16.0.2/java.util.concurrent.locks.AbstractQueuedSynchronizer$ConditionObject.awaitNanos(AbstractQueuedSynchronizer.java:1661)
 java.base@16.0.2/java.util.concurrent.ScheduledThreadPoolExecutor$DelayedWorkQueue.take(ScheduledThreadPoolExecutor.java:1182)
 java.base@16.0.2/java.util.concurrent.ScheduledThreadPoolExecutor$DelayedWorkQueue.take(ScheduledThreadPoolExecutor.java:899)
 java.base@16.0.2/java.util.concurrent.ThreadPoolExecutor.getTask(ThreadPoolExecutor.java:1056)
 java.base@16.0.2/java.util.concurrent.ThreadPoolExecutor.runWorker(ThreadPoolExecutor.java:1116)
 java.base@16.0.2/java.util.concurrent.ThreadPoolExecutor$Worker.run(ThreadPoolExecutor.java:630)
 java.base@16.0.2/java.lang.Thread.run(Thread.java:831)
2022-10-19 20:57:41.987  INFO 19764 --- [Thread-11] j.LocalContainerEntityManagerFactoryBean : Closing JPA EntityManagerFactory for persistence unit 'default'
2022-10-19 20:57:41.989  INFO 19764 --- [Thread-11] com.zaxxer.hikari.HikariDataSource       : HikariPool-3 - Shutdown initiated...
2022-10-19 20:57:42.000  INFO 19764 --- [Thread-11] com.zaxxer.hikari.HikariDataSource       : HikariPool-3 - Shutdown completed.
2022-10-19 20:57:42.123  INFO 19764 --- [restartedMain] hust.admin.project.ProjectApplication    : Starting ProjectApplication using Java 16.0.2 on DESKTOP-KP9B43V with PID 19764 (D:\project\target\classes started by Hi in D:\project)
2022-10-19 20:57:42.124  INFO 19764 --- [restartedMain] hust.admin.project.ProjectApplication    : No active profile set, falling back to 1 default profile: "default"
2022-10-19 20:57:42.530  INFO 19764 --- [restartedMain] .s.d.r.c.RepositoryConfigurationDelegate : Bootstrapping Spring Data JPA repositories in DEFAULT mode.
2022-10-19 20:57:42.589  INFO 19764 --- [restartedMain] .s.d.r.c.RepositoryConfigurationDelegate : Finished Spring Data repository scanning in 58 ms. Found 11 JPA repository interfaces.
2022-10-19 20:57:42.713  INFO 19764 --- [restartedMain] o.s.b.w.embedded.tomcat.TomcatWebServer  : Tomcat initialized with port(s): 8088 (http)
2022-10-19 20:57:42.714  INFO 19764 --- [restartedMain] o.apache.catalina.core.StandardService   : Starting service [Tomcat]
2022-10-19 20:57:42.714  INFO 19764 --- [restartedMain] org.apache.catalina.core.StandardEngine  : Starting Servlet engine: [Apache Tomcat/9.0.65]
2022-10-19 20:57:42.757  INFO 19764 --- [restartedMain] o.a.c.c.C.[Tomcat].[localhost].[/]       : Initializing Spring embedded WebApplicationContext
2022-10-19 20:57:42.758  INFO 19764 --- [restartedMain] w.s.c.ServletWebServerApplicationContext : Root WebApplicationContext: initialization completed in 631 ms
2022-10-19 20:57:42.801  INFO 19764 --- [restartedMain] o.hibernate.jpa.internal.util.LogHelper  : HHH000204: Processing PersistenceUnitInfo [name: default]
2022-10-19 20:57:42.808  INFO 19764 --- [restartedMain] com.zaxxer.hikari.HikariDataSource       : HikariPool-4 - Starting...
2022-10-19 20:57:42.835  INFO 19764 --- [restartedMain] com.zaxxer.hikari.HikariDataSource       : HikariPool-4 - Start completed.
2022-10-19 20:57:42.835  INFO 19764 --- [restartedMain] org.hibernate.dialect.Dialect            : HHH000400: Using dialect: org.hibernate.dialect.MySQL8Dialect
2022-10-19 20:57:43.314  INFO 19764 --- [restartedMain] o.h.e.t.j.p.i.JtaPlatformInitiator       : HHH000490: Using JtaPlatform implementation: [org.hibernate.engine.transaction.jta.platform.internal.NoJtaPlatform]
2022-10-19 20:57:43.315  INFO 19764 --- [restartedMain] j.LocalContainerEntityManagerFactoryBean : Initialized JPA EntityManagerFactory for persistence unit 'default'
2022-10-19 20:57:43.412  WARN 19764 --- [restartedMain] JpaBaseConfiguration$JpaWebConfiguration : spring.jpa.open-in-view is enabled by default. Therefore, database queries may be performed during view rendering. Explicitly configure spring.jpa.open-in-view to disable this warning
2022-10-19 20:57:43.738  WARN 19764 --- [restartedMain] o.s.s.c.a.web.builders.WebSecurity       : You are asking Spring Security to ignore Ant [pattern='/v3/api-docs']. This is not recommended -- please use permitAll via HttpSecurity#authorizeHttpRequests instead.
2022-10-19 20:57:43.739  INFO 19764 --- [restartedMain] o.s.s.web.DefaultSecurityFilterChain     : Will not secure Ant [pattern='/v3/api-docs']
2022-10-19 20:57:43.739  WARN 19764 --- [restartedMain] o.s.s.c.a.web.builders.WebSecurity       : You are asking Spring Security to ignore Ant [pattern='/v2/api-docs']. This is not recommended -- please use permitAll via HttpSecurity#authorizeHttpRequests instead.
2022-10-19 20:57:43.740  INFO 19764 --- [restartedMain] o.s.s.web.DefaultSecurityFilterChain     : Will not secure Ant [pattern='/v2/api-docs']
2022-10-19 20:57:43.740  WARN 19764 --- [restartedMain] o.s.s.c.a.web.builders.WebSecurity       : You are asking Spring Security to ignore Ant [pattern='/swagger-resources/**']. This is not recommended -- please use permitAll via HttpSecurity#authorizeHttpRequests instead.
2022-10-19 20:57:43.740  INFO 19764 --- [restartedMain] o.s.s.web.DefaultSecurityFilterChain     : Will not secure Ant [pattern='/swagger-resources/**']
2022-10-19 20:57:43.740  WARN 19764 --- [restartedMain] o.s.s.c.a.web.builders.WebSecurity       : You are asking Spring Security to ignore Ant [pattern='/swagger-ui.html']. This is not recommended -- please use permitAll via HttpSecurity#authorizeHttpRequests instead.
2022-10-19 20:57:43.740  INFO 19764 --- [restartedMain] o.s.s.web.DefaultSecurityFilterChain     : Will not secure Ant [pattern='/swagger-ui.html']
2022-10-19 20:57:43.740  WARN 19764 --- [restartedMain] o.s.s.c.a.web.builders.WebSecurity       : You are asking Spring Security to ignore Ant [pattern='/webjars/**']. This is not recommended -- please use permitAll via HttpSecurity#authorizeHttpRequests instead.
2022-10-19 20:57:43.740  INFO 19764 --- [restartedMain] o.s.s.web.DefaultSecurityFilterChain     : Will not secure Ant [pattern='/webjars/**']
2022-10-19 20:57:43.740  WARN 19764 --- [restartedMain] o.s.s.c.a.web.builders.WebSecurity       : You are asking Spring Security to ignore Ant [pattern='/swagger-ui/**']. This is not recommended -- please use permitAll via HttpSecurity#authorizeHttpRequests instead.
2022-10-19 20:57:43.740  INFO 19764 --- [restartedMain] o.s.s.web.DefaultSecurityFilterChain     : Will not secure Ant [pattern='/swagger-ui/**']
2022-10-19 20:57:43.740  WARN 19764 --- [restartedMain] o.s.s.c.a.web.builders.WebSecurity       : You are asking Spring Security to ignore Ant [pattern='/configuration/security']. This is not recommended -- please use permitAll via HttpSecurity#authorizeHttpRequests instead.
2022-10-19 20:57:43.740  INFO 19764 --- [restartedMain] o.s.s.web.DefaultSecurityFilterChain     : Will not secure Ant [pattern='/configuration/security']
2022-10-19 20:57:43.761  INFO 19764 --- [restartedMain] o.s.s.web.DefaultSecurityFilterChain     : Will secure any request with [org.springframework.security.web.session.DisableEncodeUrlFilter@5da9451b, org.springframework.security.web.context.request.async.WebAsyncManagerIntegrationFilter@2c8f23ad, org.springframework.security.web.context.SecurityContextPersistenceFilter@63d7827a, org.springframework.security.web.header.HeaderWriterFilter@6596dec1, org.springframework.web.filter.CorsFilter@5ed20a76, org.springframework.security.web.authentication.logout.LogoutFilter@4fbada51, hust.admin.project.Configuration.JwtConfig.JwtFilter@748ccd82, org.springframework.security.web.savedrequest.RequestCacheAwareFilter@5cbe2c15, org.springframework.security.web.servletapi.SecurityContextHolderAwareRequestFilter@f8d8195, org.springframework.security.web.authentication.AnonymousAuthenticationFilter@3344f228, org.springframework.security.web.session.SessionManagementFilter@7ddc5df4, org.springframework.security.web.access.ExceptionTranslationFilter@14357c61, org.springframework.security.web.access.intercept.FilterSecurityInterceptor@36bb781c]
2022-10-19 20:57:43.771  INFO 19764 --- [restartedMain] o.s.b.d.a.OptionalLiveReloadServer       : LiveReload server is running on port 35729
2022-10-19 20:57:43.895  INFO 19764 --- [restartedMain] o.s.b.w.embedded.tomcat.TomcatWebServer  : Tomcat started on port(s): 8088 (http) with context path ''
2022-10-19 20:57:44.049  INFO 19764 --- [restartedMain] hust.admin.project.ProjectApplication    : Started ProjectApplication in 1.958 seconds (JVM running for 832.262)
2022-10-19 20:57:44.051  INFO 19764 --- [restartedMain] .ConditionEvaluationDeltaLoggingListener : Condition evaluation unchanged
2022-10-19 20:57:48.346  INFO 19764 --- [http-nio-8088-exec-2] o.a.c.c.C.[Tomcat].[localhost].[/]       : Initializing Spring DispatcherServlet 'dispatcherServlet'
2022-10-19 20:57:48.346  INFO 19764 --- [http-nio-8088-exec-2] o.s.web.servlet.DispatcherServlet        : Initializing Servlet 'dispatcherServlet'
2022-10-19 20:57:48.349  INFO 19764 --- [http-nio-8088-exec-2] o.s.web.servlet.DispatcherServlet        : Completed initialization in 2 ms
2022-10-19 21:01:25.451  INFO 19764 --- [File Watcher] rtingClassPathChangeChangedEventListener : Restarting due to 1 class path change (0 additions, 0 deletions, 1 modification)
2022-10-19 21:01:25.476  INFO 19764 --- [Thread-15] o.apache.catalina.core.StandardService   : Stopping service [Tomcat]
2022-10-19 21:01:25.477  INFO 19764 --- [Thread-15] o.a.c.c.C.[Tomcat].[localhost].[/]       : Destroying Spring FrameworkServlet 'dispatcherServlet'
2022-10-19 21:01:25.481  WARN 19764 --- [Thread-15] o.a.c.loader.WebappClassLoaderBase       : The web application [ROOT] appears to have started a thread named [HikariPool-4 housekeeper] but has failed to stop it. This is very likely to create a memory leak. Stack trace of thread:
 java.base@16.0.2/jdk.internal.misc.Unsafe.park(Native Method)
 java.base@16.0.2/java.util.concurrent.locks.LockSupport.parkNanos(LockSupport.java:252)
 java.base@16.0.2/java.util.concurrent.locks.AbstractQueuedSynchronizer$ConditionObject.awaitNanos(AbstractQueuedSynchronizer.java:1661)
 java.base@16.0.2/java.util.concurrent.ScheduledThreadPoolExecutor$DelayedWorkQueue.take(ScheduledThreadPoolExecutor.java:1182)
 java.base@16.0.2/java.util.concurrent.ScheduledThreadPoolExecutor$DelayedWorkQueue.take(ScheduledThreadPoolExecutor.java:899)
 java.base@16.0.2/java.util.concurrent.ThreadPoolExecutor.getTask(ThreadPoolExecutor.java:1056)
 java.base@16.0.2/java.util.concurrent.ThreadPoolExecutor.runWorker(ThreadPoolExecutor.java:1116)
 java.base@16.0.2/java.util.concurrent.ThreadPoolExecutor$Worker.run(ThreadPoolExecutor.java:630)
 java.base@16.0.2/java.lang.Thread.run(Thread.java:831)
2022-10-19 21:01:25.490  INFO 19764 --- [Thread-15] j.LocalContainerEntityManagerFactoryBean : Closing JPA EntityManagerFactory for persistence unit 'default'
2022-10-19 21:01:25.491  INFO 19764 --- [Thread-15] com.zaxxer.hikari.HikariDataSource       : HikariPool-4 - Shutdown initiated...
2022-10-19 21:01:25.501  INFO 19764 --- [Thread-15] com.zaxxer.hikari.HikariDataSource       : HikariPool-4 - Shutdown completed.
2022-10-19 21:01:25.629  INFO 19764 --- [restartedMain] hust.admin.project.ProjectApplication    : Starting ProjectApplication using Java 16.0.2 on DESKTOP-KP9B43V with PID 19764 (D:\project\target\classes started by Hi in D:\project)
2022-10-19 21:01:25.629  INFO 19764 --- [restartedMain] hust.admin.project.ProjectApplication    : No active profile set, falling back to 1 default profile: "default"
2022-10-19 21:01:26.013  INFO 19764 --- [restartedMain] .s.d.r.c.RepositoryConfigurationDelegate : Bootstrapping Spring Data JPA repositories in DEFAULT mode.
2022-10-19 21:01:26.076  INFO 19764 --- [restartedMain] .s.d.r.c.RepositoryConfigurationDelegate : Finished Spring Data repository scanning in 61 ms. Found 11 JPA repository interfaces.
2022-10-19 21:01:26.213  INFO 19764 --- [restartedMain] o.s.b.w.embedded.tomcat.TomcatWebServer  : Tomcat initialized with port(s): 8088 (http)
2022-10-19 21:01:26.213  INFO 19764 --- [restartedMain] o.apache.catalina.core.StandardService   : Starting service [Tomcat]
2022-10-19 21:01:26.214  INFO 19764 --- [restartedMain] org.apache.catalina.core.StandardEngine  : Starting Servlet engine: [Apache Tomcat/9.0.65]
2022-10-19 21:01:26.268  INFO 19764 --- [restartedMain] o.a.c.c.C.[Tomcat].[localhost].[/]       : Initializing Spring embedded WebApplicationContext
2022-10-19 21:01:26.268  INFO 19764 --- [restartedMain] w.s.c.ServletWebServerApplicationContext : Root WebApplicationContext: initialization completed in 635 ms
2022-10-19 21:01:26.323  INFO 19764 --- [restartedMain] o.hibernate.jpa.internal.util.LogHelper  : HHH000204: Processing PersistenceUnitInfo [name: default]
2022-10-19 21:01:26.332  INFO 19764 --- [restartedMain] com.zaxxer.hikari.HikariDataSource       : HikariPool-5 - Starting...
2022-10-19 21:01:26.384  INFO 19764 --- [restartedMain] com.zaxxer.hikari.HikariDataSource       : HikariPool-5 - Start completed.
2022-10-19 21:01:26.385  INFO 19764 --- [restartedMain] org.hibernate.dialect.Dialect            : HHH000400: Using dialect: org.hibernate.dialect.MySQL8Dialect
2022-10-19 21:01:27.148  INFO 19764 --- [restartedMain] o.h.e.t.j.p.i.JtaPlatformInitiator       : HHH000490: Using JtaPlatform implementation: [org.hibernate.engine.transaction.jta.platform.internal.NoJtaPlatform]
2022-10-19 21:01:27.149  INFO 19764 --- [restartedMain] j.LocalContainerEntityManagerFactoryBean : Initialized JPA EntityManagerFactory for persistence unit 'default'
2022-10-19 21:01:27.256  WARN 19764 --- [restartedMain] JpaBaseConfiguration$JpaWebConfiguration : spring.jpa.open-in-view is enabled by default. Therefore, database queries may be performed during view rendering. Explicitly configure spring.jpa.open-in-view to disable this warning
2022-10-19 21:01:27.529  WARN 19764 --- [restartedMain] o.s.s.c.a.web.builders.WebSecurity       : You are asking Spring Security to ignore Ant [pattern='/v3/api-docs']. This is not recommended -- please use permitAll via HttpSecurity#authorizeHttpRequests instead.
2022-10-19 21:01:27.529  INFO 19764 --- [restartedMain] o.s.s.web.DefaultSecurityFilterChain     : Will not secure Ant [pattern='/v3/api-docs']
2022-10-19 21:01:27.529  WARN 19764 --- [restartedMain] o.s.s.c.a.web.builders.WebSecurity       : You are asking Spring Security to ignore Ant [pattern='/v2/api-docs']. This is not recommended -- please use permitAll via HttpSecurity#authorizeHttpRequests instead.
2022-10-19 21:01:27.529  INFO 19764 --- [restartedMain] o.s.s.web.DefaultSecurityFilterChain     : Will not secure Ant [pattern='/v2/api-docs']
2022-10-19 21:01:27.529  WARN 19764 --- [restartedMain] o.s.s.c.a.web.builders.WebSecurity       : You are asking Spring Security to ignore Ant [pattern='/swagger-resources/**']. This is not recommended -- please use permitAll via HttpSecurity#authorizeHttpRequests instead.
2022-10-19 21:01:27.530  INFO 19764 --- [restartedMain] o.s.s.web.DefaultSecurityFilterChain     : Will not secure Ant [pattern='/swagger-resources/**']
2022-10-19 21:01:27.530  WARN 19764 --- [restartedMain] o.s.s.c.a.web.builders.WebSecurity       : You are asking Spring Security to ignore Ant [pattern='/swagger-ui.html']. This is not recommended -- please use permitAll via HttpSecurity#authorizeHttpRequests instead.
2022-10-19 21:01:27.530  INFO 19764 --- [restartedMain] o.s.s.web.DefaultSecurityFilterChain     : Will not secure Ant [pattern='/swagger-ui.html']
2022-10-19 21:01:27.530  WARN 19764 --- [restartedMain] o.s.s.c.a.web.builders.WebSecurity       : You are asking Spring Security to ignore Ant [pattern='/webjars/**']. This is not recommended -- please use permitAll via HttpSecurity#authorizeHttpRequests instead.
2022-10-19 21:01:27.530  INFO 19764 --- [restartedMain] o.s.s.web.DefaultSecurityFilterChain     : Will not secure Ant [pattern='/webjars/**']
2022-10-19 21:01:27.530  WARN 19764 --- [restartedMain] o.s.s.c.a.web.builders.WebSecurity       : You are asking Spring Security to ignore Ant [pattern='/swagger-ui/**']. This is not recommended -- please use permitAll via HttpSecurity#authorizeHttpRequests instead.
2022-10-19 21:01:27.530  INFO 19764 --- [restartedMain] o.s.s.web.DefaultSecurityFilterChain     : Will not secure Ant [pattern='/swagger-ui/**']
2022-10-19 21:01:27.530  WARN 19764 --- [restartedMain] o.s.s.c.a.web.builders.WebSecurity       : You are asking Spring Security to ignore Ant [pattern='/configuration/security']. This is not recommended -- please use permitAll via HttpSecurity#authorizeHttpRequests instead.
2022-10-19 21:01:27.530  INFO 19764 --- [restartedMain] o.s.s.web.DefaultSecurityFilterChain     : Will not secure Ant [pattern='/configuration/security']
2022-10-19 21:01:27.547  INFO 19764 --- [restartedMain] o.s.s.web.DefaultSecurityFilterChain     : Will secure any request with [org.springframework.security.web.session.DisableEncodeUrlFilter@76e5c46b, org.springframework.security.web.context.request.async.WebAsyncManagerIntegrationFilter@1f6e24d7, org.springframework.security.web.context.SecurityContextPersistenceFilter@49ce7dc5, org.springframework.security.web.header.HeaderWriterFilter@79edab95, org.springframework.web.filter.CorsFilter@1cac2570, org.springframework.security.web.authentication.logout.LogoutFilter@61ab4544, hust.admin.project.Configuration.JwtConfig.JwtFilter@3a2b7fec, org.springframework.security.web.savedrequest.RequestCacheAwareFilter@3d70e829, org.springframework.security.web.servletapi.SecurityContextHolderAwareRequestFilter@29d55d11, org.springframework.security.web.authentication.AnonymousAuthenticationFilter@1cef53af, org.springframework.security.web.session.SessionManagementFilter@3e3985fc, org.springframework.security.web.access.ExceptionTranslationFilter@26ba5e13, org.springframework.security.web.access.intercept.FilterSecurityInterceptor@3b7ea2a3]
2022-10-19 21:01:27.559  INFO 19764 --- [restartedMain] o.s.b.d.a.OptionalLiveReloadServer       : LiveReload server is running on port 35729
2022-10-19 21:01:27.668  INFO 19764 --- [restartedMain] o.s.b.w.embedded.tomcat.TomcatWebServer  : Tomcat started on port(s): 8088 (http) with context path ''
2022-10-19 21:01:27.775  INFO 19764 --- [restartedMain] hust.admin.project.ProjectApplication    : Started ProjectApplication in 2.184 seconds (JVM running for 1055.989)
2022-10-19 21:01:27.777  INFO 19764 --- [restartedMain] .ConditionEvaluationDeltaLoggingListener : Condition evaluation unchanged
2022-10-19 21:01:47.258  INFO 19764 --- [http-nio-8088-exec-2] o.a.c.c.C.[Tomcat].[localhost].[/]       : Initializing Spring DispatcherServlet 'dispatcherServlet'
2022-10-19 21:01:47.258  INFO 19764 --- [http-nio-8088-exec-2] o.s.web.servlet.DispatcherServlet        : Initializing Servlet 'dispatcherServlet'
2022-10-19 21:01:47.259  INFO 19764 --- [http-nio-8088-exec-2] o.s.web.servlet.DispatcherServlet        : Completed initialization in 1 ms
